# project noname (0.1.0) configured on Sun Mar 11 23:43:55 2012 by
# waf 1.5.16 (abi 7, python 20701f0 on darwin)
# using /Users/ngk437/local/node/bin/node-waf configure build
#

----------------------------------------
Checking for program g++ or c++
  find program=['g++', 'c++'] paths=[] var='CXX'
  -> '/usr/bin/g++'

----------------------------------------
Checking for program cpp
  find program=['cpp'] paths=[] var='CPP'
  -> '/usr/bin/cpp'

----------------------------------------
Checking for program ar
  find program=['ar'] paths=[] var='AR'
  -> '/usr/bin/ar'

----------------------------------------
Checking for program ranlib
  find program=['ranlib'] paths=[] var='RANLIB'
  -> '/usr/bin/ranlib'

----------------------------------------
Checking for g++ 
ok 

----------------------------------------
Checking for node path 
ok /Users/ngk437/local/node/lib/node_modules

----------------------------------------
Checking for node prefix 
ok /Users/ngk437/local/node-v0.7.5

----------------------------------------
Checking for library ['glfw']
==>

int main() {
	return 0;
}

<==
[1/2] [32mcxx: build/.conf_check_0/test.cpp -> build/.conf_check_0/testbuild/Release/test_1.o
[0m['/usr/bin/g++', '-g', '../test.cpp', '-c', '-o', 'Release/test_1.o']
[2/2] [33mcxx_link: build/.conf_check_0/testbuild/Release/test_1.o -> build/.conf_check_0/testbuild/Release/testprog
[0m['/usr/bin/g++', 'Release/test_1.o', '-o', '/Users/ngk437/code/web/nodejs/motorola/node-glfw/build/.conf_check_0/testbuild/Release/testprog', '-lglfw']
yes

----------------------------------------
Checking for library AntTweakBar
==>

int main() {
	return 0;
}

<==
[1/2] [32mcxx: build/.conf_check_0/test.cpp -> build/.conf_check_0/testbuild/Release/test_1.o
[0m['/usr/bin/g++', '-g', '-I/Users/ngk437/code/AntTweakBar/include', '../test.cpp', '-c', '-o', 'Release/test_1.o']
[2/2] [33mcxx_link: build/.conf_check_0/testbuild/Release/test_1.o -> build/.conf_check_0/testbuild/Release/testprog
[0m['/usr/bin/g++', 'Release/test_1.o', '-o', '/Users/ngk437/code/web/nodejs/motorola/node-glfw/build/.conf_check_0/testbuild/Release/testprog', '-lAntTweakBar']
yes
